<?xml version="1.0" encoding="utf-8"?><testsuites><testsuite errors="0" failures="0" hostname="LT-R90X4MK7" name="pytest" skipped="0" tests="5" time="0.126" timestamp="2020-06-16T11:41:29.484921"><testcase classname="app.test.unit.contract_item_api_tests" file="app/test/unit/contract_item_api_tests.py" line="6" name="test_create_handler" time="0.001"></testcase><testcase classname="app.test.unit.contract_item_api_tests" file="app/test/unit/contract_item_api_tests.py" line="29" name="test_read_handler" time="0.001"></testcase><testcase classname="app.test.unit.contract_item_api_tests" file="app/test/unit/contract_item_api_tests.py" line="55" name="test_read_all_handler" time="0.001"></testcase><testcase classname="app.test.unit.contract_item_api_tests" file="app/test/unit/contract_item_api_tests.py" line="84" name="test_update_handler" time="0.001"></testcase><testcase classname="app.test.unit.contract_item_api_tests" file="app/test/unit/contract_item_api_tests.py" line="108" name="test_delete_handler" time="0.001"></testcase></testsuite></testsuites>